[debug] [2025-03-19T18:31:44.719Z] ----------------------------------------------------------------------
[debug] [2025-03-19T18:31:44.722Z] Command:       C:\Program Files\nodejs\node.exe C:\Users\lwtv3\AppData\Roaming\npm\node_modules\firebase-tools\lib\bin\firebase.js deploy
[debug] [2025-03-19T18:31:44.722Z] CLI Version:   13.10.1
[debug] [2025-03-19T18:31:44.722Z] Platform:      win32
[debug] [2025-03-19T18:31:44.722Z] Node Version:  v20.13.1
[debug] [2025-03-19T18:31:44.722Z] Time:          Wed Mar 19 2025 18:31:44 GMT+0000 (Greenwich Mean Time)
[debug] [2025-03-19T18:31:44.723Z] ----------------------------------------------------------------------
[debug] 
[debug] [2025-03-19T18:31:44.726Z] >>> [apiv2][query] GET https://firebase-public.firebaseio.com/cli.json [none]
[debug] [2025-03-19T18:31:44.857Z] > command requires scopes: ["email","openid","https://www.googleapis.com/auth/cloudplatformprojects.readonly","https://www.googleapis.com/auth/firebase","https://www.googleapis.com/auth/cloud-platform"]
[debug] [2025-03-19T18:31:44.858Z] > authorizing via signed-in user (amenphronesis@gmail.com)
[debug] [2025-03-19T18:31:44.858Z] [iam] checking project mychurch-f99db for permissions ["cloudfunctions.functions.create","cloudfunctions.functions.delete","cloudfunctions.functions.get","cloudfunctions.functions.list","cloudfunctions.functions.update","cloudfunctions.operations.get","datastore.indexes.create","datastore.indexes.delete","datastore.indexes.list","datastore.indexes.update","firebase.projects.get","firebasehosting.sites.update","firebaserules.releases.create","firebaserules.releases.update","firebaserules.rulesets.create"]
[debug] [2025-03-19T18:31:44.859Z] > refreshing access token with scopes: []
[debug] [2025-03-19T18:31:44.861Z] >>> [apiv2][query] POST https://www.googleapis.com/oauth2/v3/token [none]
[debug] [2025-03-19T18:31:44.861Z] >>> [apiv2][body] POST https://www.googleapis.com/oauth2/v3/token [omitted]
[debug] [2025-03-19T18:31:44.951Z] <<< [apiv2][status] POST https://www.googleapis.com/oauth2/v3/token 400
[debug] [2025-03-19T18:31:44.951Z] <<< [apiv2][body] POST https://www.googleapis.com/oauth2/v3/token [omitted]
[debug] [2025-03-19T18:31:44.951Z] >>> [apiv2][query] POST https://cloudresourcemanager.googleapis.com/v1/projects/mychurch-f99db:testIamPermissions [none]
[debug] [2025-03-19T18:31:44.951Z] >>> [apiv2][(partial)header] POST https://cloudresourcemanager.googleapis.com/v1/projects/mychurch-f99db:testIamPermissions x-goog-quota-user=projects/mychurch-f99db
[debug] [2025-03-19T18:31:44.952Z] >>> [apiv2][body] POST https://cloudresourcemanager.googleapis.com/v1/projects/mychurch-f99db:testIamPermissions {"permissions":["cloudfunctions.functions.create","cloudfunctions.functions.delete","cloudfunctions.functions.get","cloudfunctions.functions.list","cloudfunctions.functions.update","cloudfunctions.operations.get","datastore.indexes.create","datastore.indexes.delete","datastore.indexes.list","datastore.indexes.update","firebase.projects.get","firebasehosting.sites.update","firebaserules.releases.create","firebaserules.releases.update","firebaserules.rulesets.create"]}
[debug] [2025-03-19T18:31:45.096Z] <<< [apiv2][status] GET https://firebase-public.firebaseio.com/cli.json 200
[debug] [2025-03-19T18:31:45.096Z] <<< [apiv2][body] GET https://firebase-public.firebaseio.com/cli.json {"cloudBuildErrorAfter":1594252800000,"cloudBuildWarnAfter":1590019200000,"defaultNode10After":1594252800000,"minVersion":"3.0.5","node8DeploysDisabledAfter":1613390400000,"node8RuntimeDisabledAfter":1615809600000,"node8WarnAfter":1600128000000}
[debug] [2025-03-19T18:31:45.534Z] <<< [apiv2][status] POST https://cloudresourcemanager.googleapis.com/v1/projects/mychurch-f99db:testIamPermissions 401
[debug] [2025-03-19T18:31:45.534Z] <<< [apiv2][body] POST https://cloudresourcemanager.googleapis.com/v1/projects/mychurch-f99db:testIamPermissions {"error":{"code":401,"message":"Request had invalid authentication credentials. Expected OAuth 2 access token, login cookie or other valid authentication credential. See https://developers.google.com/identity/sign-in/web/devconsole-project.","status":"UNAUTHENTICATED","details":[{"@type":"type.googleapis.com/google.rpc.ErrorInfo","reason":"ACCESS_TOKEN_TYPE_UNSUPPORTED","metadata":{"method":"google.cloudresourcemanager.v1.Projects.TestIamPermissions","service":"cloudresourcemanager.googleapis.com"}}]}}
[debug] [2025-03-19T18:31:45.534Z] [iam] error while checking permissions, command may fail: FirebaseError: HTTP Error: 401, Request had invalid authentication credentials. Expected OAuth 2 access token, login cookie or other valid authentication credential. See https://developers.google.com/identity/sign-in/web/devconsole-project.
[debug] [2025-03-19T18:31:45.534Z] > refreshing access token with scopes: []
[debug] [2025-03-19T18:31:45.535Z] >>> [apiv2][query] POST https://www.googleapis.com/oauth2/v3/token [none]
[debug] [2025-03-19T18:31:45.535Z] >>> [apiv2][body] POST https://www.googleapis.com/oauth2/v3/token [omitted]
[debug] [2025-03-19T18:31:45.566Z] <<< [apiv2][status] POST https://www.googleapis.com/oauth2/v3/token 400
[debug] [2025-03-19T18:31:45.566Z] <<< [apiv2][body] POST https://www.googleapis.com/oauth2/v3/token [omitted]
[debug] [2025-03-19T18:31:45.567Z] >>> [apiv2][query] POST https://iam.googleapis.com/v1/projects/mychurch-f99db/serviceAccounts/mychurch-f99db@appspot.gserviceaccount.com:testIamPermissions [none]
[debug] [2025-03-19T18:31:45.567Z] >>> [apiv2][body] POST https://iam.googleapis.com/v1/projects/mychurch-f99db/serviceAccounts/mychurch-f99db@appspot.gserviceaccount.com:testIamPermissions {"permissions":["iam.serviceAccounts.actAs"]}
[debug] [2025-03-19T18:31:46.153Z] <<< [apiv2][status] POST https://iam.googleapis.com/v1/projects/mychurch-f99db/serviceAccounts/mychurch-f99db@appspot.gserviceaccount.com:testIamPermissions 401
[debug] [2025-03-19T18:31:46.153Z] <<< [apiv2][body] POST https://iam.googleapis.com/v1/projects/mychurch-f99db/serviceAccounts/mychurch-f99db@appspot.gserviceaccount.com:testIamPermissions {"error":{"code":401,"message":"Request had invalid authentication credentials. Expected OAuth 2 access token, login cookie or other valid authentication credential. See https://developers.google.com/identity/sign-in/web/devconsole-project.","status":"UNAUTHENTICATED","details":[{"@type":"type.googleapis.com/google.rpc.ErrorInfo","reason":"ACCESS_TOKEN_TYPE_UNSUPPORTED","metadata":{"method":"google.iam.admin.v1.IAM.TestIamPermissions","service":"iam.googleapis.com"}}]}}
[debug] [2025-03-19T18:31:46.153Z] [functions] service account IAM check errored, deploy may fail: HTTP Error: 401, Request had invalid authentication credentials. Expected OAuth 2 access token, login cookie or other valid authentication credential. See https://developers.google.com/identity/sign-in/web/devconsole-project. {"name":"FirebaseError","children":[],"context":{"body":{"error":{"code":401,"message":"Request had invalid authentication credentials. Expected OAuth 2 access token, login cookie or other valid authentication credential. See https://developers.google.com/identity/sign-in/web/devconsole-project.","status":"UNAUTHENTICATED","details":[{"@type":"type.googleapis.com/google.rpc.ErrorInfo","reason":"ACCESS_TOKEN_TYPE_UNSUPPORTED","metadata":{"method":"google.iam.admin.v1.IAM.TestIamPermissions","service":"iam.googleapis.com"}}]}},"response":{"statusCode":401}},"exit":1,"message":"HTTP Error: 401, Request had invalid authentication credentials. Expected OAuth 2 access token, login cookie or other valid authentication credential. See https://developers.google.com/identity/sign-in/web/devconsole-project.","status":401}
[debug] [2025-03-19T18:31:46.154Z] > refreshing access token with scopes: []
[debug] [2025-03-19T18:31:46.154Z] >>> [apiv2][query] POST https://www.googleapis.com/oauth2/v3/token [none]
[debug] [2025-03-19T18:31:46.155Z] >>> [apiv2][body] POST https://www.googleapis.com/oauth2/v3/token [omitted]
[debug] [2025-03-19T18:31:46.186Z] <<< [apiv2][status] POST https://www.googleapis.com/oauth2/v3/token 400
[debug] [2025-03-19T18:31:46.186Z] <<< [apiv2][body] POST https://www.googleapis.com/oauth2/v3/token [omitted]
[debug] [2025-03-19T18:31:46.186Z] >>> [apiv2][query] GET https://firebase.googleapis.com/v1beta1/projects/mychurch-f99db [none]
[debug] [2025-03-19T18:31:46.259Z] <<< [apiv2][status] GET https://firebase.googleapis.com/v1beta1/projects/mychurch-f99db 401
[debug] [2025-03-19T18:31:46.259Z] <<< [apiv2][body] GET https://firebase.googleapis.com/v1beta1/projects/mychurch-f99db {"error":{"code":401,"message":"Request had invalid authentication credentials. Expected OAuth 2 access token, login cookie or other valid authentication credential. See https://developers.google.com/identity/sign-in/web/devconsole-project.","status":"UNAUTHENTICATED"}}
[debug] [2025-03-19T18:31:46.260Z] HTTP Error: 401, Request had invalid authentication credentials. Expected OAuth 2 access token, login cookie or other valid authentication credential. See https://developers.google.com/identity/sign-in/web/devconsole-project.
[error] 
[error] Error: Assertion failed: resolving hosting target of a site with no site name or target name. This should have caused an error earlier
[debug] [2025-03-19T18:31:58.502Z] ----------------------------------------------------------------------
[debug] [2025-03-19T18:31:58.505Z] Command:       C:\Program Files\nodejs\node.exe C:\Users\lwtv3\AppData\Roaming\npm\node_modules\firebase-tools\lib\bin\firebase.js deploy
[debug] [2025-03-19T18:31:58.505Z] CLI Version:   13.10.1
[debug] [2025-03-19T18:31:58.505Z] Platform:      win32
[debug] [2025-03-19T18:31:58.505Z] Node Version:  v20.13.1
[debug] [2025-03-19T18:31:58.505Z] Time:          Wed Mar 19 2025 18:31:58 GMT+0000 (Greenwich Mean Time)
[debug] [2025-03-19T18:31:58.506Z] ----------------------------------------------------------------------
[debug] 
[debug] [2025-03-19T18:31:58.582Z] > command requires scopes: ["email","openid","https://www.googleapis.com/auth/cloudplatformprojects.readonly","https://www.googleapis.com/auth/firebase","https://www.googleapis.com/auth/cloud-platform"]
[debug] [2025-03-19T18:31:58.582Z] > authorizing via signed-in user (amenphronesis@gmail.com)
[debug] [2025-03-19T18:31:58.582Z] [iam] checking project mychurch-f99db for permissions ["cloudfunctions.functions.create","cloudfunctions.functions.delete","cloudfunctions.functions.get","cloudfunctions.functions.list","cloudfunctions.functions.update","cloudfunctions.operations.get","datastore.indexes.create","datastore.indexes.delete","datastore.indexes.list","datastore.indexes.update","firebase.projects.get","firebasehosting.sites.update","firebaserules.releases.create","firebaserules.releases.update","firebaserules.rulesets.create"]
[debug] [2025-03-19T18:31:58.584Z] > refreshing access token with scopes: []
[debug] [2025-03-19T18:31:58.586Z] >>> [apiv2][query] POST https://www.googleapis.com/oauth2/v3/token [none]
[debug] [2025-03-19T18:31:58.586Z] >>> [apiv2][body] POST https://www.googleapis.com/oauth2/v3/token [omitted]
[debug] [2025-03-19T18:31:58.737Z] <<< [apiv2][status] POST https://www.googleapis.com/oauth2/v3/token 400
[debug] [2025-03-19T18:31:58.737Z] <<< [apiv2][body] POST https://www.googleapis.com/oauth2/v3/token [omitted]
[debug] [2025-03-19T18:31:58.737Z] >>> [apiv2][query] POST https://cloudresourcemanager.googleapis.com/v1/projects/mychurch-f99db:testIamPermissions [none]
[debug] [2025-03-19T18:31:58.737Z] >>> [apiv2][(partial)header] POST https://cloudresourcemanager.googleapis.com/v1/projects/mychurch-f99db:testIamPermissions x-goog-quota-user=projects/mychurch-f99db
[debug] [2025-03-19T18:31:58.737Z] >>> [apiv2][body] POST https://cloudresourcemanager.googleapis.com/v1/projects/mychurch-f99db:testIamPermissions {"permissions":["cloudfunctions.functions.create","cloudfunctions.functions.delete","cloudfunctions.functions.get","cloudfunctions.functions.list","cloudfunctions.functions.update","cloudfunctions.operations.get","datastore.indexes.create","datastore.indexes.delete","datastore.indexes.list","datastore.indexes.update","firebase.projects.get","firebasehosting.sites.update","firebaserules.releases.create","firebaserules.releases.update","firebaserules.rulesets.create"]}
[debug] [2025-03-19T18:31:59.324Z] <<< [apiv2][status] POST https://cloudresourcemanager.googleapis.com/v1/projects/mychurch-f99db:testIamPermissions 401
[debug] [2025-03-19T18:31:59.324Z] <<< [apiv2][body] POST https://cloudresourcemanager.googleapis.com/v1/projects/mychurch-f99db:testIamPermissions {"error":{"code":401,"message":"Request had invalid authentication credentials. Expected OAuth 2 access token, login cookie or other valid authentication credential. See https://developers.google.com/identity/sign-in/web/devconsole-project.","status":"UNAUTHENTICATED","details":[{"@type":"type.googleapis.com/google.rpc.ErrorInfo","reason":"ACCESS_TOKEN_TYPE_UNSUPPORTED","metadata":{"method":"google.cloudresourcemanager.v1.Projects.TestIamPermissions","service":"cloudresourcemanager.googleapis.com"}}]}}
[debug] [2025-03-19T18:31:59.324Z] [iam] error while checking permissions, command may fail: FirebaseError: HTTP Error: 401, Request had invalid authentication credentials. Expected OAuth 2 access token, login cookie or other valid authentication credential. See https://developers.google.com/identity/sign-in/web/devconsole-project.
[debug] [2025-03-19T18:31:59.325Z] > refreshing access token with scopes: []
[debug] [2025-03-19T18:31:59.325Z] >>> [apiv2][query] POST https://www.googleapis.com/oauth2/v3/token [none]
[debug] [2025-03-19T18:31:59.325Z] >>> [apiv2][body] POST https://www.googleapis.com/oauth2/v3/token [omitted]
[debug] [2025-03-19T18:31:59.375Z] <<< [apiv2][status] POST https://www.googleapis.com/oauth2/v3/token 400
[debug] [2025-03-19T18:31:59.375Z] <<< [apiv2][body] POST https://www.googleapis.com/oauth2/v3/token [omitted]
[debug] [2025-03-19T18:31:59.375Z] >>> [apiv2][query] POST https://iam.googleapis.com/v1/projects/mychurch-f99db/serviceAccounts/mychurch-f99db@appspot.gserviceaccount.com:testIamPermissions [none]
[debug] [2025-03-19T18:31:59.375Z] >>> [apiv2][body] POST https://iam.googleapis.com/v1/projects/mychurch-f99db/serviceAccounts/mychurch-f99db@appspot.gserviceaccount.com:testIamPermissions {"permissions":["iam.serviceAccounts.actAs"]}
[debug] [2025-03-19T18:31:59.535Z] <<< [apiv2][status] POST https://iam.googleapis.com/v1/projects/mychurch-f99db/serviceAccounts/mychurch-f99db@appspot.gserviceaccount.com:testIamPermissions 401
[debug] [2025-03-19T18:31:59.535Z] <<< [apiv2][body] POST https://iam.googleapis.com/v1/projects/mychurch-f99db/serviceAccounts/mychurch-f99db@appspot.gserviceaccount.com:testIamPermissions {"error":{"code":401,"message":"Request had invalid authentication credentials. Expected OAuth 2 access token, login cookie or other valid authentication credential. See https://developers.google.com/identity/sign-in/web/devconsole-project.","status":"UNAUTHENTICATED","details":[{"@type":"type.googleapis.com/google.rpc.ErrorInfo","reason":"ACCESS_TOKEN_TYPE_UNSUPPORTED","metadata":{"method":"google.iam.admin.v1.IAM.TestIamPermissions","service":"iam.googleapis.com"}}]}}
[debug] [2025-03-19T18:31:59.535Z] [functions] service account IAM check errored, deploy may fail: HTTP Error: 401, Request had invalid authentication credentials. Expected OAuth 2 access token, login cookie or other valid authentication credential. See https://developers.google.com/identity/sign-in/web/devconsole-project. {"name":"FirebaseError","children":[],"context":{"body":{"error":{"code":401,"message":"Request had invalid authentication credentials. Expected OAuth 2 access token, login cookie or other valid authentication credential. See https://developers.google.com/identity/sign-in/web/devconsole-project.","status":"UNAUTHENTICATED","details":[{"@type":"type.googleapis.com/google.rpc.ErrorInfo","reason":"ACCESS_TOKEN_TYPE_UNSUPPORTED","metadata":{"method":"google.iam.admin.v1.IAM.TestIamPermissions","service":"iam.googleapis.com"}}]}},"response":{"statusCode":401}},"exit":1,"message":"HTTP Error: 401, Request had invalid authentication credentials. Expected OAuth 2 access token, login cookie or other valid authentication credential. See https://developers.google.com/identity/sign-in/web/devconsole-project.","status":401}
[debug] [2025-03-19T18:31:59.536Z] > refreshing access token with scopes: []
[debug] [2025-03-19T18:31:59.537Z] >>> [apiv2][query] POST https://www.googleapis.com/oauth2/v3/token [none]
[debug] [2025-03-19T18:31:59.537Z] >>> [apiv2][body] POST https://www.googleapis.com/oauth2/v3/token [omitted]
[debug] [2025-03-19T18:31:59.621Z] <<< [apiv2][status] POST https://www.googleapis.com/oauth2/v3/token 400
[debug] [2025-03-19T18:31:59.621Z] <<< [apiv2][body] POST https://www.googleapis.com/oauth2/v3/token [omitted]
[debug] [2025-03-19T18:31:59.622Z] >>> [apiv2][query] GET https://firebase.googleapis.com/v1beta1/projects/mychurch-f99db [none]
[debug] [2025-03-19T18:31:59.709Z] <<< [apiv2][status] GET https://firebase.googleapis.com/v1beta1/projects/mychurch-f99db 401
[debug] [2025-03-19T18:31:59.709Z] <<< [apiv2][body] GET https://firebase.googleapis.com/v1beta1/projects/mychurch-f99db {"error":{"code":401,"message":"Request had invalid authentication credentials. Expected OAuth 2 access token, login cookie or other valid authentication credential. See https://developers.google.com/identity/sign-in/web/devconsole-project.","status":"UNAUTHENTICATED"}}
[debug] [2025-03-19T18:31:59.709Z] HTTP Error: 401, Request had invalid authentication credentials. Expected OAuth 2 access token, login cookie or other valid authentication credential. See https://developers.google.com/identity/sign-in/web/devconsole-project.
[error] 
[error] Error: Assertion failed: resolving hosting target of a site with no site name or target name. This should have caused an error earlier
[debug] [2025-03-19T18:34:12.703Z] ----------------------------------------------------------------------
[debug] [2025-03-19T18:34:12.706Z] Command:       C:\Program Files\nodejs\node.exe C:\Users\lwtv3\AppData\Roaming\npm\node_modules\firebase-tools\lib\bin\firebase.js deploy
[debug] [2025-03-19T18:34:12.706Z] CLI Version:   13.10.1
[debug] [2025-03-19T18:34:12.706Z] Platform:      win32
[debug] [2025-03-19T18:34:12.706Z] Node Version:  v20.13.1
[debug] [2025-03-19T18:34:12.707Z] Time:          Wed Mar 19 2025 18:34:12 GMT+0000 (Greenwich Mean Time)
[debug] [2025-03-19T18:34:12.707Z] ----------------------------------------------------------------------
[debug] 
[debug] [2025-03-19T18:34:12.783Z] > command requires scopes: ["email","openid","https://www.googleapis.com/auth/cloudplatformprojects.readonly","https://www.googleapis.com/auth/firebase","https://www.googleapis.com/auth/cloud-platform"]
[debug] [2025-03-19T18:34:12.784Z] > authorizing via signed-in user (amenphronesis@gmail.com)
[debug] [2025-03-19T18:34:12.784Z] [iam] checking project mychurch-f99db for permissions ["cloudfunctions.functions.create","cloudfunctions.functions.delete","cloudfunctions.functions.get","cloudfunctions.functions.list","cloudfunctions.functions.update","cloudfunctions.operations.get","datastore.indexes.create","datastore.indexes.delete","datastore.indexes.list","datastore.indexes.update","firebase.projects.get","firebasehosting.sites.update","firebaserules.releases.create","firebaserules.releases.update","firebaserules.rulesets.create"]
[debug] [2025-03-19T18:34:12.785Z] > refreshing access token with scopes: []
[debug] [2025-03-19T18:34:12.787Z] >>> [apiv2][query] POST https://www.googleapis.com/oauth2/v3/token [none]
[debug] [2025-03-19T18:34:12.787Z] >>> [apiv2][body] POST https://www.googleapis.com/oauth2/v3/token [omitted]
[debug] [2025-03-19T18:34:12.920Z] <<< [apiv2][status] POST https://www.googleapis.com/oauth2/v3/token 400
[debug] [2025-03-19T18:34:12.920Z] <<< [apiv2][body] POST https://www.googleapis.com/oauth2/v3/token [omitted]
[debug] [2025-03-19T18:34:12.920Z] >>> [apiv2][query] POST https://cloudresourcemanager.googleapis.com/v1/projects/mychurch-f99db:testIamPermissions [none]
[debug] [2025-03-19T18:34:12.921Z] >>> [apiv2][(partial)header] POST https://cloudresourcemanager.googleapis.com/v1/projects/mychurch-f99db:testIamPermissions x-goog-quota-user=projects/mychurch-f99db
[debug] [2025-03-19T18:34:12.921Z] >>> [apiv2][body] POST https://cloudresourcemanager.googleapis.com/v1/projects/mychurch-f99db:testIamPermissions {"permissions":["cloudfunctions.functions.create","cloudfunctions.functions.delete","cloudfunctions.functions.get","cloudfunctions.functions.list","cloudfunctions.functions.update","cloudfunctions.operations.get","datastore.indexes.create","datastore.indexes.delete","datastore.indexes.list","datastore.indexes.update","firebase.projects.get","firebasehosting.sites.update","firebaserules.releases.create","firebaserules.releases.update","firebaserules.rulesets.create"]}
[debug] [2025-03-19T18:34:13.489Z] <<< [apiv2][status] POST https://cloudresourcemanager.googleapis.com/v1/projects/mychurch-f99db:testIamPermissions 401
[debug] [2025-03-19T18:34:13.489Z] <<< [apiv2][body] POST https://cloudresourcemanager.googleapis.com/v1/projects/mychurch-f99db:testIamPermissions {"error":{"code":401,"message":"Request had invalid authentication credentials. Expected OAuth 2 access token, login cookie or other valid authentication credential. See https://developers.google.com/identity/sign-in/web/devconsole-project.","status":"UNAUTHENTICATED","details":[{"@type":"type.googleapis.com/google.rpc.ErrorInfo","reason":"ACCESS_TOKEN_TYPE_UNSUPPORTED","metadata":{"method":"google.cloudresourcemanager.v1.Projects.TestIamPermissions","service":"cloudresourcemanager.googleapis.com"}}]}}
[debug] [2025-03-19T18:34:13.490Z] [iam] error while checking permissions, command may fail: FirebaseError: HTTP Error: 401, Request had invalid authentication credentials. Expected OAuth 2 access token, login cookie or other valid authentication credential. See https://developers.google.com/identity/sign-in/web/devconsole-project.
[debug] [2025-03-19T18:34:13.490Z] > refreshing access token with scopes: []
[debug] [2025-03-19T18:34:13.490Z] >>> [apiv2][query] POST https://www.googleapis.com/oauth2/v3/token [none]
[debug] [2025-03-19T18:34:13.490Z] >>> [apiv2][body] POST https://www.googleapis.com/oauth2/v3/token [omitted]
[debug] [2025-03-19T18:34:13.520Z] <<< [apiv2][status] POST https://www.googleapis.com/oauth2/v3/token 400
[debug] [2025-03-19T18:34:13.520Z] <<< [apiv2][body] POST https://www.googleapis.com/oauth2/v3/token [omitted]
[debug] [2025-03-19T18:34:13.520Z] >>> [apiv2][query] POST https://iam.googleapis.com/v1/projects/mychurch-f99db/serviceAccounts/mychurch-f99db@appspot.gserviceaccount.com:testIamPermissions [none]
[debug] [2025-03-19T18:34:13.520Z] >>> [apiv2][body] POST https://iam.googleapis.com/v1/projects/mychurch-f99db/serviceAccounts/mychurch-f99db@appspot.gserviceaccount.com:testIamPermissions {"permissions":["iam.serviceAccounts.actAs"]}
[debug] [2025-03-19T18:34:14.076Z] <<< [apiv2][status] POST https://iam.googleapis.com/v1/projects/mychurch-f99db/serviceAccounts/mychurch-f99db@appspot.gserviceaccount.com:testIamPermissions 401
[debug] [2025-03-19T18:34:14.076Z] <<< [apiv2][body] POST https://iam.googleapis.com/v1/projects/mychurch-f99db/serviceAccounts/mychurch-f99db@appspot.gserviceaccount.com:testIamPermissions {"error":{"code":401,"message":"Request had invalid authentication credentials. Expected OAuth 2 access token, login cookie or other valid authentication credential. See https://developers.google.com/identity/sign-in/web/devconsole-project.","status":"UNAUTHENTICATED","details":[{"@type":"type.googleapis.com/google.rpc.ErrorInfo","reason":"ACCESS_TOKEN_TYPE_UNSUPPORTED","metadata":{"method":"google.iam.admin.v1.IAM.TestIamPermissions","service":"iam.googleapis.com"}}]}}
[debug] [2025-03-19T18:34:14.076Z] [functions] service account IAM check errored, deploy may fail: HTTP Error: 401, Request had invalid authentication credentials. Expected OAuth 2 access token, login cookie or other valid authentication credential. See https://developers.google.com/identity/sign-in/web/devconsole-project. {"name":"FirebaseError","children":[],"context":{"body":{"error":{"code":401,"message":"Request had invalid authentication credentials. Expected OAuth 2 access token, login cookie or other valid authentication credential. See https://developers.google.com/identity/sign-in/web/devconsole-project.","status":"UNAUTHENTICATED","details":[{"@type":"type.googleapis.com/google.rpc.ErrorInfo","reason":"ACCESS_TOKEN_TYPE_UNSUPPORTED","metadata":{"method":"google.iam.admin.v1.IAM.TestIamPermissions","service":"iam.googleapis.com"}}]}},"response":{"statusCode":401}},"exit":1,"message":"HTTP Error: 401, Request had invalid authentication credentials. Expected OAuth 2 access token, login cookie or other valid authentication credential. See https://developers.google.com/identity/sign-in/web/devconsole-project.","status":401}
[debug] [2025-03-19T18:34:14.077Z] > refreshing access token with scopes: []
[debug] [2025-03-19T18:34:14.077Z] >>> [apiv2][query] POST https://www.googleapis.com/oauth2/v3/token [none]
[debug] [2025-03-19T18:34:14.077Z] >>> [apiv2][body] POST https://www.googleapis.com/oauth2/v3/token [omitted]
[debug] [2025-03-19T18:34:14.105Z] <<< [apiv2][status] POST https://www.googleapis.com/oauth2/v3/token 400
[debug] [2025-03-19T18:34:14.105Z] <<< [apiv2][body] POST https://www.googleapis.com/oauth2/v3/token [omitted]
[debug] [2025-03-19T18:34:14.105Z] >>> [apiv2][query] GET https://firebase.googleapis.com/v1beta1/projects/mychurch-f99db [none]
[debug] [2025-03-19T18:34:14.157Z] <<< [apiv2][status] GET https://firebase.googleapis.com/v1beta1/projects/mychurch-f99db 401
[debug] [2025-03-19T18:34:14.157Z] <<< [apiv2][body] GET https://firebase.googleapis.com/v1beta1/projects/mychurch-f99db {"error":{"code":401,"message":"Request had invalid authentication credentials. Expected OAuth 2 access token, login cookie or other valid authentication credential. See https://developers.google.com/identity/sign-in/web/devconsole-project.","status":"UNAUTHENTICATED"}}
[debug] [2025-03-19T18:34:14.157Z] HTTP Error: 401, Request had invalid authentication credentials. Expected OAuth 2 access token, login cookie or other valid authentication credential. See https://developers.google.com/identity/sign-in/web/devconsole-project.
[error] 
[error] Error: Assertion failed: resolving hosting target of a site with no site name or target name. This should have caused an error earlier
